nim_demo/demo/build/outputs/logs/manifest-merger-release-report.txt
-- Merging decision tree log ---
manifest
ADDED from nim_demo\demo\AndroidManifest.xml:2:1-400:12
	package
		ADDED from nim_demo\demo\AndroidManifest.xml:4:5-27
		INJECTED from nim_demo\demo\AndroidManifest.xml
		INJECTED from nim_demo\demo\AndroidManifest.xml
	android:versionName
		ADDED from nim_demo\demo\AndroidManifest.xml:7:5-30
		INJECTED from nim_demo\demo\AndroidManifest.xml
		INJECTED from nim_demo\demo\AndroidManifest.xml
	xmlns:tools
		ADDED from nim_demo\demo\AndroidManifest.xml:3:5-51
	android:versionCode
		ADDED from nim_demo\demo\AndroidManifest.xml:6:5-29
		INJECTED from nim_demo\demo\AndroidManifest.xml
		INJECTED from nim_demo\demo\AndroidManifest.xml
	xmlns:android
		ADDED from nim_demo\demo\AndroidManifest.xml:2:11-69
	android:installLocation
		ADDED from nim_demo\demo\AndroidManifest.xml:5:5-35
uses-permission#android.permission.INTERNET
ADDED from nim_demo\demo\AndroidManifest.xml:11:5-67
	android:name
		ADDED from nim_demo\demo\AndroidManifest.xml:11:22-64
uses-permission#android.permission.ACCESS_NETWORK_STATE
ADDED from nim_demo\demo\AndroidManifest.xml:12:5-79
	android:name
		ADDED from nim_demo\demo\AndroidManifest.xml:12:22-76
uses-permission#android.permission.ACCESS_WIFI_STATE
ADDED from nim_demo\demo\AndroidManifest.xml:13:5-76
	android:name
		ADDED from nim_demo\demo\AndroidManifest.xml:13:22-73
uses-permission#android.permission.CHANGE_WIFI_STATE
ADDED from nim_demo\demo\AndroidManifest.xml:14:5-76
	android:name
		ADDED from nim_demo\demo\AndroidManifest.xml:14:22-73
uses-permission#android.permission.ACCESS_FINE_LOCATION
ADDED from nim_demo\demo\AndroidManifest.xml:15:5-79
	android:name
		ADDED from nim_demo\demo\AndroidManifest.xml:15:22-76
uses-permission#android.permission.ACCESS_COARSE_LOCATION
ADDED from nim_demo\demo\AndroidManifest.xml:16:5-81
	android:name
		ADDED from nim_demo\demo\AndroidManifest.xml:16:22-78
uses-permission#android.permission.WRITE_SETTINGS
ADDED from nim_demo\demo\AndroidManifest.xml:17:5-73
	android:name
		ADDED from nim_demo\demo\AndroidManifest.xml:17:22-70
uses-permission#android.permission.READ_CONTACTS
ADDED from nim_demo\demo\AndroidManifest.xml:18:5-72
	android:name
		ADDED from nim_demo\demo\AndroidManifest.xml:18:22-69
uses-permission#android.permission.WRITE_CONTACTS
ADDED from nim_demo\demo\AndroidManifest.xml:19:5-73
	android:name
		ADDED from nim_demo\demo\AndroidManifest.xml:19:22-70
uses-permission#android.permission.GET_TASKS
ADDED from nim_demo\demo\AndroidManifest.xml:24:5-68
	android:name
		ADDED from nim_demo\demo\AndroidManifest.xml:24:22-65
uses-permission#android.permission.FLASHLIGHT
ADDED from nim_demo\demo\AndroidManifest.xml:25:5-69
	android:name
		ADDED from nim_demo\demo\AndroidManifest.xml:25:22-66
uses-permission#android.permission.VIBRATE
ADDED from nim_demo\demo\AndroidManifest.xml:26:5-66
	android:name
		ADDED from nim_demo\demo\AndroidManifest.xml:26:22-63
uses-permission#android.permission.WAKE_LOCK
ADDED from nim_demo\demo\AndroidManifest.xml:27:5-68
	android:name
		ADDED from nim_demo\demo\AndroidManifest.xml:27:22-65
uses-permission#android.permission.BLUETOOTH
ADDED from nim_demo\demo\AndroidManifest.xml:28:5-68
	android:name
		ADDED from nim_demo\demo\AndroidManifest.xml:28:22-65
uses-permission#android.permission.BLUETOOTH_ADMIN
ADDED from nim_demo\demo\AndroidManifest.xml:29:5-74
	android:name
		ADDED from nim_demo\demo\AndroidManifest.xml:29:22-71
uses-permission#android.permission.CHANGE_CONFIGURATION
ADDED from nim_demo\demo\AndroidManifest.xml:30:5-79
	android:name
		ADDED from nim_demo\demo\AndroidManifest.xml:30:22-76
uses-permission#android.permission.MODIFY_AUDIO_SETTINGS
ADDED from nim_demo\demo\AndroidManifest.xml:31:5-80
	android:name
		ADDED from nim_demo\demo\AndroidManifest.xml:31:22-77
uses-permission#android.permission.READ_EXTERNAL_STORAGE
ADDED from nim_demo\demo\AndroidManifest.xml:34:5-80
	android:name
		ADDED from nim_demo\demo\AndroidManifest.xml:34:22-77
uses-permission#android.permission.WRITE_EXTERNAL_STORAGE
ADDED from nim_demo\demo\AndroidManifest.xml:35:5-81
	android:name
		ADDED from nim_demo\demo\AndroidManifest.xml:35:22-78
uses-permission#android.permission.CAMERA
ADDED from nim_demo\demo\AndroidManifest.xml:38:5-65
MERGED from [com.journeyapps:zxing-android-embedded:3.4.0] AndroidManifest.xml:21:5-65
	android:name
		ADDED from nim_demo\demo\AndroidManifest.xml:38:22-62
uses-permission#android.permission.RECORD_AUDIO
ADDED from nim_demo\demo\AndroidManifest.xml:39:5-71
	android:name
		ADDED from nim_demo\demo\AndroidManifest.xml:39:22-68
uses-permission#android.permission.READ_PHONE_STATE
ADDED from nim_demo\demo\AndroidManifest.xml:40:5-75
	android:name
		ADDED from nim_demo\demo\AndroidManifest.xml:40:22-72
permission#com.aqtx.app.permission.RECEIVE_MSG
ADDED from nim_demo\demo\AndroidManifest.xml:44:5-46:47
	android:protectionLevel
		ADDED from nim_demo\demo\AndroidManifest.xml:46:9-44
	android:name
		ADDED from nim_demo\demo\AndroidManifest.xml:45:9-59
uses-permission#com.aqtx.app.permission.RECEIVE_MSG
ADDED from nim_demo\demo\AndroidManifest.xml:50:5-75
	android:name
		ADDED from nim_demo\demo\AndroidManifest.xml:50:22-72
application
ADDED from nim_demo\demo\AndroidManifest.xml:56:5-398:19
MERGED from [nim_demo:uikit:unspecified] AndroidManifest.xml:9:5-143:19
MERGED from [com.android.support:appcompat-v7:25.1.0] AndroidManifest.xml:25:5-20
MERGED from [com.android.support:support-v4:25.1.0] AndroidManifest.xml:25:5-20
MERGED from [com.android.support:support-compat:25.1.0] AndroidManifest.xml:25:5-20
MERGED from [com.android.support:support-media-compat:25.1.0] AndroidManifest.xml:25:5-20
MERGED from [com.android.support:support-compat:25.1.0] AndroidManifest.xml:25:5-20
MERGED from [com.android.support:support-core-utils:25.1.0] AndroidManifest.xml:25:5-20
MERGED from [com.android.support:support-compat:25.1.0] AndroidManifest.xml:25:5-20
MERGED from [com.android.support:support-core-ui:25.1.0] AndroidManifest.xml:25:5-20
MERGED from [com.android.support:support-compat:25.1.0] AndroidManifest.xml:25:5-20
MERGED from [com.android.support:support-fragment:25.1.0] AndroidManifest.xml:25:5-20
MERGED from [com.android.support:support-compat:25.1.0] AndroidManifest.xml:25:5-20
MERGED from [com.android.support:support-media-compat:25.1.0] AndroidManifest.xml:25:5-20
MERGED from [com.android.support:support-compat:25.1.0] AndroidManifest.xml:25:5-20
MERGED from [com.android.support:support-core-ui:25.1.0] AndroidManifest.xml:25:5-20
MERGED from [com.android.support:support-compat:25.1.0] AndroidManifest.xml:25:5-20
MERGED from [com.android.support:support-core-utils:25.1.0] AndroidManifest.xml:25:5-20
MERGED from [com.android.support:support-compat:25.1.0] AndroidManifest.xml:25:5-20
MERGED from [com.android.support:support-vector-drawable:25.1.0] AndroidManifest.xml:23:5-20
MERGED from [com.android.support:support-compat:25.1.0] AndroidManifest.xml:25:5-20
MERGED from [com.android.support:animated-vector-drawable:25.1.0] AndroidManifest.xml:22:5-20
MERGED from [com.android.support:support-vector-drawable:25.1.0] AndroidManifest.xml:23:5-20
MERGED from [com.android.support:support-compat:25.1.0] AndroidManifest.xml:25:5-20
MERGED from [com.android.support:design:23.3.0] AndroidManifest.xml:22:5-20
MERGED from [com.android.support:appcompat-v7:25.1.0] AndroidManifest.xml:25:5-20
MERGED from [com.android.support:support-v4:25.1.0] AndroidManifest.xml:25:5-20
MERGED from [com.android.support:support-compat:25.1.0] AndroidManifest.xml:25:5-20
MERGED from [com.android.support:support-media-compat:25.1.0] AndroidManifest.xml:25:5-20
MERGED from [com.android.support:support-compat:25.1.0] AndroidManifest.xml:25:5-20
MERGED from [com.android.support:support-core-utils:25.1.0] AndroidManifest.xml:25:5-20
MERGED from [com.android.support:support-compat:25.1.0] AndroidManifest.xml:25:5-20
MERGED from [com.android.support:support-core-ui:25.1.0] AndroidManifest.xml:25:5-20
MERGED from [com.android.support:support-compat:25.1.0] AndroidManifest.xml:25:5-20
MERGED from [com.android.support:support-fragment:25.1.0] AndroidManifest.xml:25:5-20
MERGED from [com.android.support:support-compat:25.1.0] AndroidManifest.xml:25:5-20
MERGED from [com.android.support:support-media-compat:25.1.0] AndroidManifest.xml:25:5-20
MERGED from [com.android.support:support-compat:25.1.0] AndroidManifest.xml:25:5-20
MERGED from [com.android.support:support-core-ui:25.1.0] AndroidManifest.xml:25:5-20
MERGED from [com.android.support:support-compat:25.1.0] AndroidManifest.xml:25:5-20
MERGED from [com.android.support:support-core-utils:25.1.0] AndroidManifest.xml:25:5-20
MERGED from [com.android.support:support-compat:25.1.0] AndroidManifest.xml:25:5-20
MERGED from [com.android.support:support-vector-drawable:25.1.0] AndroidManifest.xml:23:5-20
MERGED from [com.android.support:support-compat:25.1.0] AndroidManifest.xml:25:5-20
MERGED from [com.android.support:animated-vector-drawable:25.1.0] AndroidManifest.xml:22:5-20
MERGED from [com.android.support:support-vector-drawable:25.1.0] AndroidManifest.xml:23:5-20
MERGED from [com.android.support:support-compat:25.1.0] AndroidManifest.xml:25:5-20
MERGED from [com.android.support:support-v4:25.1.0] AndroidManifest.xml:25:5-20
MERGED from [com.android.support:support-compat:25.1.0] AndroidManifest.xml:25:5-20
MERGED from [com.android.support:support-media-compat:25.1.0] AndroidManifest.xml:25:5-20
MERGED from [com.android.support:support-compat:25.1.0] AndroidManifest.xml:25:5-20
MERGED from [com.android.support:support-core-utils:25.1.0] AndroidManifest.xml:25:5-20
MERGED from [com.android.support:support-compat:25.1.0] AndroidManifest.xml:25:5-20
MERGED from [com.android.support:support-core-ui:25.1.0] AndroidManifest.xml:25:5-20
MERGED from [com.android.support:support-compat:25.1.0] AndroidManifest.xml:25:5-20
MERGED from [com.android.support:support-fragment:25.1.0] AndroidManifest.xml:25:5-20
MERGED from [com.android.support:support-compat:25.1.0] AndroidManifest.xml:25:5-20
MERGED from [com.android.support:support-media-compat:25.1.0] AndroidManifest.xml:25:5-20
MERGED from [com.android.support:support-compat:25.1.0] AndroidManifest.xml:25:5-20
MERGED from [com.android.support:support-core-ui:25.1.0] AndroidManifest.xml:25:5-20
MERGED from [com.android.support:support-compat:25.1.0] AndroidManifest.xml:25:5-20
MERGED from [com.android.support:support-core-utils:25.1.0] AndroidManifest.xml:25:5-20
MERGED from [com.android.support:support-compat:25.1.0] AndroidManifest.xml:25:5-20
MERGED from [com.android.support:support-compat:25.1.0] AndroidManifest.xml:25:5-20
MERGED from [com.android.support:support-core-ui:25.1.0] AndroidManifest.xml:25:5-20
MERGED from [com.android.support:support-compat:25.1.0] AndroidManifest.xml:25:5-20
MERGED from [com.android.support:appcompat-v7:25.1.0] AndroidManifest.xml:25:5-20
MERGED from [com.android.support:support-v4:25.1.0] AndroidManifest.xml:25:5-20
MERGED from [com.android.support:support-compat:25.1.0] AndroidManifest.xml:25:5-20
MERGED from [com.android.support:support-media-compat:25.1.0] AndroidManifest.xml:25:5-20
MERGED from [com.android.support:support-compat:25.1.0] AndroidManifest.xml:25:5-20
MERGED from [com.android.support:support-core-utils:25.1.0] AndroidManifest.xml:25:5-20
MERGED from [com.android.support:support-compat:25.1.0] AndroidManifest.xml:25:5-20
MERGED from [com.android.support:support-core-ui:25.1.0] AndroidManifest.xml:25:5-20
MERGED from [com.android.support:support-compat:25.1.0] AndroidManifest.xml:25:5-20
MERGED from [com.android.support:support-fragment:25.1.0] AndroidManifest.xml:25:5-20
MERGED from [com.android.support:support-compat:25.1.0] AndroidManifest.xml:25:5-20
MERGED from [com.android.support:support-media-compat:25.1.0] AndroidManifest.xml:25:5-20
MERGED from [com.android.support:support-compat:25.1.0] AndroidManifest.xml:25:5-20
MERGED from [com.android.support:support-core-ui:25.1.0] AndroidManifest.xml:25:5-20
MERGED from [com.android.support:support-compat:25.1.0] AndroidManifest.xml:25:5-20
MERGED from [com.android.support:support-core-utils:25.1.0] AndroidManifest.xml:25:5-20
MERGED from [com.android.support:support-compat:25.1.0] AndroidManifest.xml:25:5-20
MERGED from [com.android.support:support-vector-drawable:25.1.0] AndroidManifest.xml:23:5-20
MERGED from [com.android.support:support-compat:25.1.0] AndroidManifest.xml:25:5-20
MERGED from [com.android.support:animated-vector-drawable:25.1.0] AndroidManifest.xml:22:5-20
MERGED from [com.android.support:support-vector-drawable:25.1.0] AndroidManifest.xml:23:5-20
MERGED from [com.android.support:support-compat:25.1.0] AndroidManifest.xml:25:5-20
MERGED from [com.android.support:support-compat:25.1.0] AndroidManifest.xml:25:5-20
MERGED from [com.android.support:support-core-ui:25.1.0] AndroidManifest.xml:25:5-20
MERGED from [com.android.support:support-compat:25.1.0] AndroidManifest.xml:25:5-20
MERGED from [com.journeyapps:zxing-android-embedded:3.4.0] AndroidManifest.xml:45:5-53:19
MERGED from [com.android.support:support-v4:25.1.0] AndroidManifest.xml:25:5-20
MERGED from [com.android.support:support-compat:25.1.0] AndroidManifest.xml:25:5-20
MERGED from [com.android.support:support-media-compat:25.1.0] AndroidManifest.xml:25:5-20
MERGED from [com.android.support:support-compat:25.1.0] AndroidManifest.xml:25:5-20
MERGED from [com.android.support:support-core-utils:25.1.0] AndroidManifest.xml:25:5-20
MERGED from [com.android.support:support-compat:25.1.0] AndroidManifest.xml:25:5-20
MERGED from [com.android.support:support-core-ui:25.1.0] AndroidManifest.xml:25:5-20
MERGED from [com.android.support:support-compat:25.1.0] AndroidManifest.xml:25:5-20
MERGED from [com.android.support:support-fragment:25.1.0] AndroidManifest.xml:25:5-20
MERGED from [com.android.support:support-compat:25.1.0] AndroidManifest.xml:25:5-20
MERGED from [com.android.support:support-media-compat:25.1.0] AndroidManifest.xml:25:5-20
MERGED from [com.android.support:support-compat:25.1.0] AndroidManifest.xml:25:5-20
MERGED from [com.android.support:support-core-ui:25.1.0] AndroidManifest.xml:25:5-20
MERGED from [com.android.support:support-compat:25.1.0] AndroidManifest.xml:25:5-20
MERGED from [com.android.support:support-core-utils:25.1.0] AndroidManifest.xml:25:5-20
MERGED from [com.android.support:support-compat:25.1.0] AndroidManifest.xml:25:5-20
	android:label
		ADDED from nim_demo\demo\AndroidManifest.xml:60:9-27
	android:allowBackup
		ADDED from nim_demo\demo\AndroidManifest.xml:58:9-35
	android:icon
		ADDED from nim_demo\demo\AndroidManifest.xml:59:9-38
	android:theme
		ADDED from nim_demo\demo\AndroidManifest.xml:61:9-52
	android:name
		ADDED from nim_demo\demo\AndroidManifest.xml:57:9-39
meta-data#com.amap.api.v2.apikey
ADDED from nim_demo\demo\AndroidManifest.xml:64:9-66:43
	android:value
		ADDED from nim_demo\demo\AndroidManifest.xml:66:13-40
		INJECTED from nim_demo\demo\AndroidManifest.xml
	android:name
		ADDED from nim_demo\demo\AndroidManifest.xml:65:13-50
meta-data#com.netease.nim.appKey
ADDED from nim_demo\demo\AndroidManifest.xml:67:9-69:64
	android:value
		ADDED from nim_demo\demo\AndroidManifest.xml:69:13-61
	android:name
		ADDED from nim_demo\demo\AndroidManifest.xml:68:13-50
uses-library#com.google.android.maps
ADDED from nim_demo\demo\AndroidManifest.xml:71:9-73:40
	android:required
		ADDED from nim_demo\demo\AndroidManifest.xml:73:13-37
	android:name
		ADDED from nim_demo\demo\AndroidManifest.xml:72:13-51
activity#com.aqtx.app.main.activity.WelcomeActivity
ADDED from nim_demo\demo\AndroidManifest.xml:76:9-91:20
	android:screenOrientation
		ADDED from nim_demo\demo\AndroidManifest.xml:82:13-49
	android:label
		ADDED from nim_demo\demo\AndroidManifest.xml:80:13-31
	android:hardwareAccelerated
		ADDED from nim_demo\demo\AndroidManifest.xml:79:13-47
	android:launchMode
		ADDED from nim_demo\demo\AndroidManifest.xml:81:13-43
	android:windowSoftInputMode
		ADDED from nim_demo\demo\AndroidManifest.xml:84:13-52
	android:configChanges
		ADDED from nim_demo\demo\AndroidManifest.xml:78:13-63
	android:theme
		ADDED from nim_demo\demo\AndroidManifest.xml:83:13-65
	android:name
		ADDED from nim_demo\demo\AndroidManifest.xml:77:13-58
intent-filter#android.intent.action.MAIN+android.intent.category.LAUNCHER+android.intent.category.MULTIWINDOW_LAUNCHER
ADDED from nim_demo\demo\AndroidManifest.xml:85:13-90:29
action#android.intent.action.MAIN
ADDED from nim_demo\demo\AndroidManifest.xml:86:17-69
	android:name
		ADDED from nim_demo\demo\AndroidManifest.xml:86:25-66
category#android.intent.category.LAUNCHER
ADDED from nim_demo\demo\AndroidManifest.xml:88:17-77
	android:name
		ADDED from nim_demo\demo\AndroidManifest.xml:88:27-74
category#android.intent.category.MULTIWINDOW_LAUNCHER
ADDED from nim_demo\demo\AndroidManifest.xml:89:17-89
	android:name
		ADDED from nim_demo\demo\AndroidManifest.xml:89:27-86
activity#com.aqtx.app.main.activity.MainActivity
ADDED from nim_demo\demo\AndroidManifest.xml:94:9-101:55
	android:screenOrientation
		ADDED from nim_demo\demo\AndroidManifest.xml:99:13-49
	android:hardwareAccelerated
		ADDED from nim_demo\demo\AndroidManifest.xml:97:13-47
	android:launchMode
		ADDED from nim_demo\demo\AndroidManifest.xml:98:13-43
	android:windowSoftInputMode
		ADDED from nim_demo\demo\AndroidManifest.xml:101:13-52
	android:configChanges
		ADDED from nim_demo\demo\AndroidManifest.xml:96:13-63
	android:theme
		ADDED from nim_demo\demo\AndroidManifest.xml:100:13-56
	android:name
		ADDED from nim_demo\demo\AndroidManifest.xml:95:13-55
activity#com.aqtx.app.main.activity.MultiportActivity
ADDED from nim_demo\demo\AndroidManifest.xml:104:9-109:70
	android:screenOrientation
		ADDED from nim_demo\demo\AndroidManifest.xml:107:13-49
	android:windowSoftInputMode
		ADDED from nim_demo\demo\AndroidManifest.xml:109:13-67
	android:configChanges
		ADDED from nim_demo\demo\AndroidManifest.xml:106:13-63
	android:theme
		ADDED from nim_demo\demo\AndroidManifest.xml:108:13-56
	android:name
		ADDED from nim_demo\demo\AndroidManifest.xml:105:13-60
activity#com.aqtx.app.login.LoginActivity
ADDED from nim_demo\demo\AndroidManifest.xml:112:9-118:70
	android:screenOrientation
		ADDED from nim_demo\demo\AndroidManifest.xml:116:13-49
	android:label
		ADDED from nim_demo\demo\AndroidManifest.xml:115:13-42
	android:windowSoftInputMode
		ADDED from nim_demo\demo\AndroidManifest.xml:118:13-67
	android:configChanges
		ADDED from nim_demo\demo\AndroidManifest.xml:114:13-48
	android:theme
		ADDED from nim_demo\demo\AndroidManifest.xml:117:13-46
	android:name
		ADDED from nim_demo\demo\AndroidManifest.xml:113:13-48
activity#com.aqtx.app.main.activity.AboutActivity
ADDED from nim_demo\demo\AndroidManifest.xml:121:9-127:75
	android:screenOrientation
		ADDED from nim_demo\demo\AndroidManifest.xml:125:13-49
	android:label
		ADDED from nim_demo\demo\AndroidManifest.xml:124:13-42
	android:windowSoftInputMode
		ADDED from nim_demo\demo\AndroidManifest.xml:127:13-72
	android:configChanges
		ADDED from nim_demo\demo\AndroidManifest.xml:123:13-48
	android:theme
		ADDED from nim_demo\demo\AndroidManifest.xml:126:13-56
	android:name
		ADDED from nim_demo\demo\AndroidManifest.xml:122:13-56
activity#com.aqtx.app.SetPrivacyActivity
ADDED from nim_demo\demo\AndroidManifest.xml:129:9-135:75
	android:screenOrientation
		ADDED from nim_demo\demo\AndroidManifest.xml:133:13-49
	android:label
		ADDED from nim_demo\demo\AndroidManifest.xml:132:13-42
	android:windowSoftInputMode
		ADDED from nim_demo\demo\AndroidManifest.xml:135:13-72
	android:configChanges
		ADDED from nim_demo\demo\AndroidManifest.xml:131:13-48
	android:theme
		ADDED from nim_demo\demo\AndroidManifest.xml:134:13-56
	android:name
		ADDED from nim_demo\demo\AndroidManifest.xml:130:13-47
activity#com.aqtx.app.main.activity.SettingsActivity
ADDED from nim_demo\demo\AndroidManifest.xml:136:9-141:63
	android:screenOrientation
		ADDED from nim_demo\demo\AndroidManifest.xml:139:13-49
	android:windowSoftInputMode
		ADDED from nim_demo\demo\AndroidManifest.xml:141:13-60
	android:configChanges
		ADDED from nim_demo\demo\AndroidManifest.xml:138:13-48
	android:theme
		ADDED from nim_demo\demo\AndroidManifest.xml:140:13-56
	android:name
		ADDED from nim_demo\demo\AndroidManifest.xml:137:13-59
activity#com.aqtx.app.main.activity.NoDisturbActivity
ADDED from nim_demo\demo\AndroidManifest.xml:142:9-147:75
	android:screenOrientation
		ADDED from nim_demo\demo\AndroidManifest.xml:145:13-49
	android:windowSoftInputMode
		ADDED from nim_demo\demo\AndroidManifest.xml:147:13-72
	android:configChanges
		ADDED from nim_demo\demo\AndroidManifest.xml:144:13-48
	android:theme
		ADDED from nim_demo\demo\AndroidManifest.xml:146:13-56
	android:name
		ADDED from nim_demo\demo\AndroidManifest.xml:143:13-60
activity#com.aqtx.app.contact.activity.AddFriendActivity
ADDED from nim_demo\demo\AndroidManifest.xml:148:9-153:75
	android:screenOrientation
		ADDED from nim_demo\demo\AndroidManifest.xml:151:13-49
	android:windowSoftInputMode
		ADDED from nim_demo\demo\AndroidManifest.xml:153:13-72
	android:configChanges
		ADDED from nim_demo\demo\AndroidManifest.xml:150:13-48
	android:theme
		ADDED from nim_demo\demo\AndroidManifest.xml:152:13-56
	android:name
		ADDED from nim_demo\demo\AndroidManifest.xml:149:13-63
activity#com.aqtx.app.contact.activity.AddContactActivity
ADDED from nim_demo\demo\AndroidManifest.xml:154:9-159:75
	android:screenOrientation
		ADDED from nim_demo\demo\AndroidManifest.xml:157:13-49
	android:windowSoftInputMode
		ADDED from nim_demo\demo\AndroidManifest.xml:159:13-72
	android:configChanges
		ADDED from nim_demo\demo\AndroidManifest.xml:156:13-48
	android:theme
		ADDED from nim_demo\demo\AndroidManifest.xml:158:13-56
	android:name
		ADDED from nim_demo\demo\AndroidManifest.xml:155:13-64
activity#com.aqtx.app.contact.activity.AddFriendMenuActivity
ADDED from nim_demo\demo\AndroidManifest.xml:160:9-165:75
	android:screenOrientation
		ADDED from nim_demo\demo\AndroidManifest.xml:163:13-49
	android:windowSoftInputMode
		ADDED from nim_demo\demo\AndroidManifest.xml:165:13-72
	android:configChanges
		ADDED from nim_demo\demo\AndroidManifest.xml:162:13-48
	android:theme
		ADDED from nim_demo\demo\AndroidManifest.xml:164:13-56
	android:name
		ADDED from nim_demo\demo\AndroidManifest.xml:161:13-67
activity#com.aqtx.app.contact.activity.UserProfileActivity
ADDED from nim_demo\demo\AndroidManifest.xml:166:9-171:75
	android:screenOrientation
		ADDED from nim_demo\demo\AndroidManifest.xml:169:13-49
	android:windowSoftInputMode
		ADDED from nim_demo\demo\AndroidManifest.xml:171:13-72
	android:configChanges
		ADDED from nim_demo\demo\AndroidManifest.xml:168:13-48
	android:theme
		ADDED from nim_demo\demo\AndroidManifest.xml:170:13-56
	android:name
		ADDED from nim_demo\demo\AndroidManifest.xml:167:13-65
activity#com.aqtx.app.contact.activity.UserProfileSettingActivity
ADDED from nim_demo\demo\AndroidManifest.xml:172:9-177:75
	android:screenOrientation
		ADDED from nim_demo\demo\AndroidManifest.xml:175:13-49
	android:windowSoftInputMode
		ADDED from nim_demo\demo\AndroidManifest.xml:177:13-72
	android:configChanges
		ADDED from nim_demo\demo\AndroidManifest.xml:174:13-48
	android:theme
		ADDED from nim_demo\demo\AndroidManifest.xml:176:13-56
	android:name
		ADDED from nim_demo\demo\AndroidManifest.xml:173:13-72
activity#com.aqtx.app.contact.activity.UserProfileEditItemActivity
ADDED from nim_demo\demo\AndroidManifest.xml:178:9-183:75
	android:screenOrientation
		ADDED from nim_demo\demo\AndroidManifest.xml:181:13-49
	android:windowSoftInputMode
		ADDED from nim_demo\demo\AndroidManifest.xml:183:13-72
	android:configChanges
		ADDED from nim_demo\demo\AndroidManifest.xml:180:13-48
	android:theme
		ADDED from nim_demo\demo\AndroidManifest.xml:182:13-56
	android:name
		ADDED from nim_demo\demo\AndroidManifest.xml:179:13-73
activity#com.aqtx.app.contact.activity.BlackListActivity
ADDED from nim_demo\demo\AndroidManifest.xml:184:9-189:75
	android:screenOrientation
		ADDED from nim_demo\demo\AndroidManifest.xml:187:13-49
	android:windowSoftInputMode
		ADDED from nim_demo\demo\AndroidManifest.xml:189:13-72
	android:configChanges
		ADDED from nim_demo\demo\AndroidManifest.xml:186:13-48
	android:theme
		ADDED from nim_demo\demo\AndroidManifest.xml:188:13-56
	android:name
		ADDED from nim_demo\demo\AndroidManifest.xml:185:13-63
activity#com.aqtx.app.file.browser.FileBrowserActivity
ADDED from nim_demo\demo\AndroidManifest.xml:192:9-198:75
	android:screenOrientation
		ADDED from nim_demo\demo\AndroidManifest.xml:196:13-49
	android:label
		ADDED from nim_demo\demo\AndroidManifest.xml:195:13-49
	android:windowSoftInputMode
		ADDED from nim_demo\demo\AndroidManifest.xml:198:13-72
	android:configChanges
		ADDED from nim_demo\demo\AndroidManifest.xml:194:13-48
	android:theme
		ADDED from nim_demo\demo\AndroidManifest.xml:197:13-56
	android:name
		ADDED from nim_demo\demo\AndroidManifest.xml:193:13-61
activity#com.aqtx.app.main.activity.SystemMessageActivity
ADDED from nim_demo\demo\AndroidManifest.xml:199:9-204:70
	android:screenOrientation
		ADDED from nim_demo\demo\AndroidManifest.xml:202:13-49
	android:windowSoftInputMode
		ADDED from nim_demo\demo\AndroidManifest.xml:204:13-67
	android:configChanges
		ADDED from nim_demo\demo\AndroidManifest.xml:201:13-63
	android:theme
		ADDED from nim_demo\demo\AndroidManifest.xml:203:13-56
	android:name
		ADDED from nim_demo\demo\AndroidManifest.xml:200:13-64
activity#com.aqtx.app.main.activity.CustomNotificationActivity
ADDED from nim_demo\demo\AndroidManifest.xml:205:9-210:70
	android:screenOrientation
		ADDED from nim_demo\demo\AndroidManifest.xml:208:13-49
	android:windowSoftInputMode
		ADDED from nim_demo\demo\AndroidManifest.xml:210:13-67
	android:configChanges
		ADDED from nim_demo\demo\AndroidManifest.xml:207:13-63
	android:theme
		ADDED from nim_demo\demo\AndroidManifest.xml:209:13-56
	android:name
		ADDED from nim_demo\demo\AndroidManifest.xml:206:13-69
activity#com.aqtx.app.session.activity.MessageHistoryActivity
ADDED from nim_demo\demo\AndroidManifest.xml:211:9-216:70
	android:screenOrientation
		ADDED from nim_demo\demo\AndroidManifest.xml:214:13-49
	android:windowSoftInputMode
		ADDED from nim_demo\demo\AndroidManifest.xml:216:13-67
	android:configChanges
		ADDED from nim_demo\demo\AndroidManifest.xml:213:13-63
	android:theme
		ADDED from nim_demo\demo\AndroidManifest.xml:215:13-56
	android:name
		ADDED from nim_demo\demo\AndroidManifest.xml:212:13-68
activity#com.aqtx.app.session.activity.MessageInfoActivity
ADDED from nim_demo\demo\AndroidManifest.xml:217:9-222:70
	android:screenOrientation
		ADDED from nim_demo\demo\AndroidManifest.xml:220:13-49
	android:windowSoftInputMode
		ADDED from nim_demo\demo\AndroidManifest.xml:222:13-67
	android:configChanges
		ADDED from nim_demo\demo\AndroidManifest.xml:219:13-63
	android:theme
		ADDED from nim_demo\demo\AndroidManifest.xml:221:13-56
	android:name
		ADDED from nim_demo\demo\AndroidManifest.xml:218:13-65
activity#com.aqtx.app.team.activity.AdvancedTeamSearchActivity
ADDED from nim_demo\demo\AndroidManifest.xml:223:9-228:70
	android:screenOrientation
		ADDED from nim_demo\demo\AndroidManifest.xml:226:13-49
	android:windowSoftInputMode
		ADDED from nim_demo\demo\AndroidManifest.xml:228:13-67
	android:configChanges
		ADDED from nim_demo\demo\AndroidManifest.xml:225:13-63
	android:theme
		ADDED from nim_demo\demo\AndroidManifest.xml:227:13-56
	android:name
		ADDED from nim_demo\demo\AndroidManifest.xml:224:13-69
activity#com.aqtx.app.team.activity.AdvancedTeamJoinActivity
ADDED from nim_demo\demo\AndroidManifest.xml:229:9-234:70
	android:screenOrientation
		ADDED from nim_demo\demo\AndroidManifest.xml:232:13-49
	android:windowSoftInputMode
		ADDED from nim_demo\demo\AndroidManifest.xml:234:13-67
	android:configChanges
		ADDED from nim_demo\demo\AndroidManifest.xml:231:13-63
	android:theme
		ADDED from nim_demo\demo\AndroidManifest.xml:233:13-56
	android:name
		ADDED from nim_demo\demo\AndroidManifest.xml:230:13-67
activity#com.aqtx.app.main.activity.TeamListActivity
ADDED from nim_demo\demo\AndroidManifest.xml:235:9-240:67
	android:screenOrientation
		ADDED from nim_demo\demo\AndroidManifest.xml:238:13-49
	android:windowSoftInputMode
		ADDED from nim_demo\demo\AndroidManifest.xml:240:13-64
	android:configChanges
		ADDED from nim_demo\demo\AndroidManifest.xml:237:13-63
	android:theme
		ADDED from nim_demo\demo\AndroidManifest.xml:239:13-56
	android:name
		ADDED from nim_demo\demo\AndroidManifest.xml:236:13-59
activity#com.aqtx.app.main.activity.GlobalSearchActivity
ADDED from nim_demo\demo\AndroidManifest.xml:243:9-248:62
	android:screenOrientation
		ADDED from nim_demo\demo\AndroidManifest.xml:246:13-49
	android:windowSoftInputMode
		ADDED from nim_demo\demo\AndroidManifest.xml:248:13-59
	android:configChanges
		ADDED from nim_demo\demo\AndroidManifest.xml:245:13-63
	android:theme
		ADDED from nim_demo\demo\AndroidManifest.xml:247:13-52
	android:name
		ADDED from nim_demo\demo\AndroidManifest.xml:244:13-63
activity#com.aqtx.app.main.activity.GlobalSearchDetailActivity
ADDED from nim_demo\demo\AndroidManifest.xml:249:9-253:59
	android:screenOrientation
		ADDED from nim_demo\demo\AndroidManifest.xml:252:13-49
	android:configChanges
		ADDED from nim_demo\demo\AndroidManifest.xml:251:13-63
	android:theme
		ADDED from nim_demo\demo\AndroidManifest.xml:253:13-56
	android:name
		ADDED from nim_demo\demo\AndroidManifest.xml:250:13-69
activity#com.aqtx.app.main.activity.GlobalSearchDetailActivity2
ADDED from nim_demo\demo\AndroidManifest.xml:254:9-258:59
	android:screenOrientation
		ADDED from nim_demo\demo\AndroidManifest.xml:257:13-49
	android:configChanges
		ADDED from nim_demo\demo\AndroidManifest.xml:256:13-63
	android:theme
		ADDED from nim_demo\demo\AndroidManifest.xml:258:13-56
	android:name
		ADDED from nim_demo\demo\AndroidManifest.xml:255:13-70
activity#com.aqtx.app.session.activity.WatchSnapChatPictureActivity
ADDED from nim_demo\demo\AndroidManifest.xml:261:9-264:59